[debug] [2018-07-23T06:36:50.570Z] ----------------------------------------------------------------------
[debug] [2018-07-23T06:36:50.589Z] Command:       /usr/bin/node /usr/local/bin/firebase login
[debug] [2018-07-23T06:36:50.590Z] CLI Version:   3.19.3
[debug] [2018-07-23T06:36:50.590Z] Platform:      linux
[debug] [2018-07-23T06:36:50.590Z] Node Version:  v10.6.0
[debug] [2018-07-23T06:36:50.621Z] Time:          Mon Jul 23 2018 12:06:50 GMT+0530 (India Standard Time)
[debug] [2018-07-23T06:36:50.622Z] ----------------------------------------------------------------------
[debug] 
[info] 
[info] Visit this URL on any device to log in:
[info] https://accounts.google.com/o/oauth2/auth?client_id=563584335869-fgrhgmd47bqnekij5i8b5pr03ho849e6.apps.googleusercontent.com&scope=email%20openid%20https%3A%2F%2Fwww.googleapis.com%2Fauth%2Fcloudplatformprojects.readonly%20https%3A%2F%2Fwww.googleapis.com%2Fauth%2Ffirebase%20https%3A%2F%2Fwww.googleapis.com%2Fauth%2Fcloud-platform&response_type=code&state=876563721&redirect_uri=http%3A%2F%2Flocalhost%3A9005
[info] 
[info] Waiting for authentication...
[debug] [2018-07-23T06:37:03.305Z] >>> HTTP REQUEST POST https://accounts.google.com/o/oauth2/token  
 { code:
   '4/AADbnfET4rJiKMcnYg86AByJ1b8JUfvrtWHmZDYwuq_j36gO-lDb97dd7J_5WTOnr1jeczc-lgnqduE932C5yGY',
  client_id:
   '563584335869-fgrhgmd47bqnekij5i8b5pr03ho849e6.apps.googleusercontent.com',
  client_secret: 'j9iVZfS8kkCEFUPaAeJV0sAi',
  redirect_uri: 'http://localhost:9005',
  grant_type: 'authorization_code' } 
 Mon Jul 23 2018 12:07:03 GMT+0530 (India Standard Time)
[debug] [2018-07-23T06:37:03.320Z] Token Fetch Error: Error
    at new FirebaseError (/usr/local/lib/node_modules/firebase-tools/lib/error.js:11:16)
    at Request._callback (/usr/local/lib/node_modules/firebase-tools/lib/api.js:35:11)
    at self.callback (/usr/local/lib/node_modules/firebase-tools/node_modules/request/request.js:185:22)
    at Request.emit (events.js:182:13)
    at Request.EventEmitter.emit (domain.js:442:20)
    at Request.onRequestError (/usr/local/lib/node_modules/firebase-tools/node_modules/request/request.js:877:8)
    at ClientRequest.emit (events.js:182:13)
    at ClientRequest.EventEmitter.emit (domain.js:442:20)
    at ClientRequest.onError (/usr/local/lib/node_modules/firebase-tools/node_modules/tunnel-agent/index.js:179:21)
    at Object.onceWrapper (events.js:273:13)
[debug] [2018-07-23T06:37:11.016Z] >>> HTTP REQUEST POST https://accounts.google.com/o/oauth2/token  
 { code:
   '4/AADbnfET4rJiKMcnYg86AByJ1b8JUfvrtWHmZDYwuq_j36gO-lDb97dd7J_5WTOnr1jeczc-lgnqduE932C5yGY',
  client_id:
   '563584335869-fgrhgmd47bqnekij5i8b5pr03ho849e6.apps.googleusercontent.com',
  client_secret: 'j9iVZfS8kkCEFUPaAeJV0sAi',
  redirect_uri: 'http://localhost:9005',
  grant_type: 'authorization_code' } 
 Mon Jul 23 2018 12:07:11 GMT+0530 (India Standard Time)
[debug] [2018-07-23T06:37:11.022Z] Token Fetch Error: Error
    at new FirebaseError (/usr/local/lib/node_modules/firebase-tools/lib/error.js:11:16)
    at Request._callback (/usr/local/lib/node_modules/firebase-tools/lib/api.js:35:11)
    at self.callback (/usr/local/lib/node_modules/firebase-tools/node_modules/request/request.js:185:22)
    at Request.emit (events.js:182:13)
    at Request.EventEmitter.emit (domain.js:442:20)
    at Request.onRequestError (/usr/local/lib/node_modules/firebase-tools/node_modules/request/request.js:877:8)
    at ClientRequest.emit (events.js:182:13)
    at ClientRequest.EventEmitter.emit (domain.js:442:20)
    at ClientRequest.onError (/usr/local/lib/node_modules/firebase-tools/node_modules/tunnel-agent/index.js:179:21)
    at Object.onceWrapper (events.js:273:13)
[debug] [2018-07-23T06:37:42.330Z] >>> HTTP REQUEST POST https://accounts.google.com/o/oauth2/token  
 { code:
   '4/AADbnfET4rJiKMcnYg86AByJ1b8JUfvrtWHmZDYwuq_j36gO-lDb97dd7J_5WTOnr1jeczc-lgnqduE932C5yGY',
  client_id:
   '563584335869-fgrhgmd47bqnekij5i8b5pr03ho849e6.apps.googleusercontent.com',
  client_secret: 'j9iVZfS8kkCEFUPaAeJV0sAi',
  redirect_uri: 'http://localhost:9005',
  grant_type: 'authorization_code' } 
 Mon Jul 23 2018 12:07:42 GMT+0530 (India Standard Time)
[debug] [2018-07-23T06:37:42.340Z] Token Fetch Error: Error
    at new FirebaseError (/usr/local/lib/node_modules/firebase-tools/lib/error.js:11:16)
    at Request._callback (/usr/local/lib/node_modules/firebase-tools/lib/api.js:35:11)
    at self.callback (/usr/local/lib/node_modules/firebase-tools/node_modules/request/request.js:185:22)
    at Request.emit (events.js:182:13)
    at Request.EventEmitter.emit (domain.js:442:20)
    at Request.onRequestError (/usr/local/lib/node_modules/firebase-tools/node_modules/request/request.js:877:8)
    at ClientRequest.emit (events.js:182:13)
    at ClientRequest.EventEmitter.emit (domain.js:442:20)
    at ClientRequest.onError (/usr/local/lib/node_modules/firebase-tools/node_modules/tunnel-agent/index.js:179:21)
    at Object.onceWrapper (events.js:273:13)
[debug] [2018-07-23T06:54:40.008Z] >>> HTTP REQUEST POST https://accounts.google.com/o/oauth2/token  
 { code:
   '4/AADbnfET4rJiKMcnYg86AByJ1b8JUfvrtWHmZDYwuq_j36gO-lDb97dd7J_5WTOnr1jeczc-lgnqduE932C5yGY',
  client_id:
   '563584335869-fgrhgmd47bqnekij5i8b5pr03ho849e6.apps.googleusercontent.com',
  client_secret: 'j9iVZfS8kkCEFUPaAeJV0sAi',
  redirect_uri: 'http://localhost:9005',
  grant_type: 'authorization_code' } 
 Mon Jul 23 2018 12:24:40 GMT+0530 (India Standard Time)
[debug] [2018-07-23T06:54:40.017Z] Token Fetch Error: Error
    at new FirebaseError (/usr/local/lib/node_modules/firebase-tools/lib/error.js:11:16)
    at Request._callback (/usr/local/lib/node_modules/firebase-tools/lib/api.js:35:11)
    at self.callback (/usr/local/lib/node_modules/firebase-tools/node_modules/request/request.js:185:22)
    at Request.emit (events.js:182:13)
    at Request.EventEmitter.emit (domain.js:442:20)
    at Request.onRequestError (/usr/local/lib/node_modules/firebase-tools/node_modules/request/request.js:877:8)
    at ClientRequest.emit (events.js:182:13)
    at ClientRequest.EventEmitter.emit (domain.js:442:20)
    at ClientRequest.onError (/usr/local/lib/node_modules/firebase-tools/node_modules/tunnel-agent/index.js:179:21)
    at Object.onceWrapper (events.js:273:13)
[debug] [2018-07-23T06:54:42.353Z] >>> HTTP REQUEST POST https://accounts.google.com/o/oauth2/token  
 { code:
   '4/AADbnfET4rJiKMcnYg86AByJ1b8JUfvrtWHmZDYwuq_j36gO-lDb97dd7J_5WTOnr1jeczc-lgnqduE932C5yGY',
  client_id:
   '563584335869-fgrhgmd47bqnekij5i8b5pr03ho849e6.apps.googleusercontent.com',
  client_secret: 'j9iVZfS8kkCEFUPaAeJV0sAi',
  redirect_uri: 'http://localhost:9005',
  grant_type: 'authorization_code' } 
 Mon Jul 23 2018 12:24:42 GMT+0530 (India Standard Time)
[debug] [2018-07-23T06:54:42.359Z] Token Fetch Error: Error
    at new FirebaseError (/usr/local/lib/node_modules/firebase-tools/lib/error.js:11:16)
    at Request._callback (/usr/local/lib/node_modules/firebase-tools/lib/api.js:35:11)
    at self.callback (/usr/local/lib/node_modules/firebase-tools/node_modules/request/request.js:185:22)
    at Request.emit (events.js:182:13)
    at Request.EventEmitter.emit (domain.js:442:20)
    at Request.onRequestError (/usr/local/lib/node_modules/firebase-tools/node_modules/request/request.js:877:8)
    at ClientRequest.emit (events.js:182:13)
    at ClientRequest.EventEmitter.emit (domain.js:442:20)
    at ClientRequest.onError (/usr/local/lib/node_modules/firebase-tools/node_modules/tunnel-agent/index.js:179:21)
    at Object.onceWrapper (events.js:273:13)
[debug] [2018-07-23T06:54:49.264Z] >>> HTTP REQUEST POST https://accounts.google.com/o/oauth2/token  
 { code:
   '4/AADbnfET4rJiKMcnYg86AByJ1b8JUfvrtWHmZDYwuq_j36gO-lDb97dd7J_5WTOnr1jeczc-lgnqduE932C5yGY',
  client_id:
   '563584335869-fgrhgmd47bqnekij5i8b5pr03ho849e6.apps.googleusercontent.com',
  client_secret: 'j9iVZfS8kkCEFUPaAeJV0sAi',
  redirect_uri: 'http://localhost:9005',
  grant_type: 'authorization_code' } 
 Mon Jul 23 2018 12:24:49 GMT+0530 (India Standard Time)
[debug] [2018-07-23T06:54:49.271Z] Token Fetch Error: Error
    at new FirebaseError (/usr/local/lib/node_modules/firebase-tools/lib/error.js:11:16)
    at Request._callback (/usr/local/lib/node_modules/firebase-tools/lib/api.js:35:11)
    at self.callback (/usr/local/lib/node_modules/firebase-tools/node_modules/request/request.js:185:22)
    at Request.emit (events.js:182:13)
    at Request.EventEmitter.emit (domain.js:442:20)
    at Request.onRequestError (/usr/local/lib/node_modules/firebase-tools/node_modules/request/request.js:877:8)
    at ClientRequest.emit (events.js:182:13)
    at ClientRequest.EventEmitter.emit (domain.js:442:20)
    at ClientRequest.onError (/usr/local/lib/node_modules/firebase-tools/node_modules/tunnel-agent/index.js:179:21)
    at Object.onceWrapper (events.js:273:13)
[debug] [2018-07-23T06:54:49.500Z] >>> HTTP REQUEST POST https://accounts.google.com/o/oauth2/token  
 { code:
   '4/AADbnfET4rJiKMcnYg86AByJ1b8JUfvrtWHmZDYwuq_j36gO-lDb97dd7J_5WTOnr1jeczc-lgnqduE932C5yGY',
  client_id:
   '563584335869-fgrhgmd47bqnekij5i8b5pr03ho849e6.apps.googleusercontent.com',
  client_secret: 'j9iVZfS8kkCEFUPaAeJV0sAi',
  redirect_uri: 'http://localhost:9005',
  grant_type: 'authorization_code' } 
 Mon Jul 23 2018 12:24:49 GMT+0530 (India Standard Time)
[debug] [2018-07-23T06:54:49.506Z] Token Fetch Error: Error
    at new FirebaseError (/usr/local/lib/node_modules/firebase-tools/lib/error.js:11:16)
    at Request._callback (/usr/local/lib/node_modules/firebase-tools/lib/api.js:35:11)
    at self.callback (/usr/local/lib/node_modules/firebase-tools/node_modules/request/request.js:185:22)
    at Request.emit (events.js:182:13)
    at Request.EventEmitter.emit (domain.js:442:20)
    at Request.onRequestError (/usr/local/lib/node_modules/firebase-tools/node_modules/request/request.js:877:8)
    at ClientRequest.emit (events.js:182:13)
    at ClientRequest.EventEmitter.emit (domain.js:442:20)
    at ClientRequest.onError (/usr/local/lib/node_modules/firebase-tools/node_modules/tunnel-agent/index.js:179:21)
    at Object.onceWrapper (events.js:273:13)
[debug] [2018-07-23T06:54:49.728Z] >>> HTTP REQUEST POST https://accounts.google.com/o/oauth2/token  
 { code:
   '4/AADbnfET4rJiKMcnYg86AByJ1b8JUfvrtWHmZDYwuq_j36gO-lDb97dd7J_5WTOnr1jeczc-lgnqduE932C5yGY',
  client_id:
   '563584335869-fgrhgmd47bqnekij5i8b5pr03ho849e6.apps.googleusercontent.com',
  client_secret: 'j9iVZfS8kkCEFUPaAeJV0sAi',
  redirect_uri: 'http://localhost:9005',
  grant_type: 'authorization_code' } 
 Mon Jul 23 2018 12:24:49 GMT+0530 (India Standard Time)
[debug] [2018-07-23T06:54:49.735Z] Token Fetch Error: Error
    at new FirebaseError (/usr/local/lib/node_modules/firebase-tools/lib/error.js:11:16)
    at Request._callback (/usr/local/lib/node_modules/firebase-tools/lib/api.js:35:11)
    at self.callback (/usr/local/lib/node_modules/firebase-tools/node_modules/request/request.js:185:22)
    at Request.emit (events.js:182:13)
    at Request.EventEmitter.emit (domain.js:442:20)
    at Request.onRequestError (/usr/local/lib/node_modules/firebase-tools/node_modules/request/request.js:877:8)
    at ClientRequest.emit (events.js:182:13)
    at ClientRequest.EventEmitter.emit (domain.js:442:20)
    at ClientRequest.onError (/usr/local/lib/node_modules/firebase-tools/node_modules/tunnel-agent/index.js:179:21)
    at Object.onceWrapper (events.js:273:13)
[debug] [2018-07-23T06:54:49.949Z] >>> HTTP REQUEST POST https://accounts.google.com/o/oauth2/token  
 { code:
   '4/AADbnfET4rJiKMcnYg86AByJ1b8JUfvrtWHmZDYwuq_j36gO-lDb97dd7J_5WTOnr1jeczc-lgnqduE932C5yGY',
  client_id:
   '563584335869-fgrhgmd47bqnekij5i8b5pr03ho849e6.apps.googleusercontent.com',
  client_secret: 'j9iVZfS8kkCEFUPaAeJV0sAi',
  redirect_uri: 'http://localhost:9005',
  grant_type: 'authorization_code' } 
 Mon Jul 23 2018 12:24:49 GMT+0530 (India Standard Time)
[debug] [2018-07-23T06:54:49.956Z] Token Fetch Error: Error
    at new FirebaseError (/usr/local/lib/node_modules/firebase-tools/lib/error.js:11:16)
    at Request._callback (/usr/local/lib/node_modules/firebase-tools/lib/api.js:35:11)
    at self.callback (/usr/local/lib/node_modules/firebase-tools/node_modules/request/request.js:185:22)
    at Request.emit (events.js:182:13)
    at Request.EventEmitter.emit (domain.js:442:20)
    at Request.onRequestError (/usr/local/lib/node_modules/firebase-tools/node_modules/request/request.js:877:8)
    at ClientRequest.emit (events.js:182:13)
    at ClientRequest.EventEmitter.emit (domain.js:442:20)
    at ClientRequest.onError (/usr/local/lib/node_modules/firebase-tools/node_modules/tunnel-agent/index.js:179:21)
    at Object.onceWrapper (events.js:273:13)
[debug] [2018-07-23T06:54:50.205Z] >>> HTTP REQUEST POST https://accounts.google.com/o/oauth2/token  
 { code:
   '4/AADbnfET4rJiKMcnYg86AByJ1b8JUfvrtWHmZDYwuq_j36gO-lDb97dd7J_5WTOnr1jeczc-lgnqduE932C5yGY',
  client_id:
   '563584335869-fgrhgmd47bqnekij5i8b5pr03ho849e6.apps.googleusercontent.com',
  client_secret: 'j9iVZfS8kkCEFUPaAeJV0sAi',
  redirect_uri: 'http://localhost:9005',
  grant_type: 'authorization_code' } 
 Mon Jul 23 2018 12:24:50 GMT+0530 (India Standard Time)
[debug] [2018-07-23T06:54:50.211Z] Token Fetch Error: Error
    at new FirebaseError (/usr/local/lib/node_modules/firebase-tools/lib/error.js:11:16)
    at Request._callback (/usr/local/lib/node_modules/firebase-tools/lib/api.js:35:11)
    at self.callback (/usr/local/lib/node_modules/firebase-tools/node_modules/request/request.js:185:22)
    at Request.emit (events.js:182:13)
    at Request.EventEmitter.emit (domain.js:442:20)
    at Request.onRequestError (/usr/local/lib/node_modules/firebase-tools/node_modules/request/request.js:877:8)
    at ClientRequest.emit (events.js:182:13)
    at ClientRequest.EventEmitter.emit (domain.js:442:20)
    at ClientRequest.onError (/usr/local/lib/node_modules/firebase-tools/node_modules/tunnel-agent/index.js:179:21)
    at Object.onceWrapper (events.js:273:13)
[debug] [2018-07-23T06:55:09.781Z] ----------------------------------------------------------------------
[debug] [2018-07-23T06:55:09.784Z] Command:       /usr/bin/node /usr/local/bin/firebase login
[debug] [2018-07-23T06:55:09.784Z] CLI Version:   3.19.3
[debug] [2018-07-23T06:55:09.784Z] Platform:      linux
[debug] [2018-07-23T06:55:09.784Z] Node Version:  v10.6.0
[debug] [2018-07-23T06:55:09.803Z] Time:          Mon Jul 23 2018 12:25:09 GMT+0530 (India Standard Time)
[debug] [2018-07-23T06:55:09.803Z] ----------------------------------------------------------------------
[debug] 
[info] 
[info] Visit this URL on any device to log in:
[info] https://accounts.google.com/o/oauth2/auth?client_id=563584335869-fgrhgmd47bqnekij5i8b5pr03ho849e6.apps.googleusercontent.com&scope=email%20openid%20https%3A%2F%2Fwww.googleapis.com%2Fauth%2Fcloudplatformprojects.readonly%20https%3A%2F%2Fwww.googleapis.com%2Fauth%2Ffirebase%20https%3A%2F%2Fwww.googleapis.com%2Fauth%2Fcloud-platform&response_type=code&state=182208341&redirect_uri=http%3A%2F%2Flocalhost%3A9005
[info] 
[info] Waiting for authentication...
[debug] [2018-07-23T06:55:29.039Z] >>> HTTP REQUEST POST https://accounts.google.com/o/oauth2/token  
 { code:
   '4/AAA4RnZb-XawfI6gjhzkpS8nkRQVgBlyd0nNZDbXuMsAvSsmsFrNxUUQi9SvsmAQ-1YlW7bv17sUehEhgx79sSg',
  client_id:
   '563584335869-fgrhgmd47bqnekij5i8b5pr03ho849e6.apps.googleusercontent.com',
  client_secret: 'j9iVZfS8kkCEFUPaAeJV0sAi',
  redirect_uri: 'http://localhost:9005',
  grant_type: 'authorization_code' } 
 Mon Jul 23 2018 12:25:29 GMT+0530 (India Standard Time)
[debug] [2018-07-23T06:55:29.057Z] Token Fetch Error: Error
    at new FirebaseError (/usr/local/lib/node_modules/firebase-tools/lib/error.js:11:16)
    at Request._callback (/usr/local/lib/node_modules/firebase-tools/lib/api.js:35:11)
    at self.callback (/usr/local/lib/node_modules/firebase-tools/node_modules/request/request.js:185:22)
    at Request.emit (events.js:182:13)
    at Request.EventEmitter.emit (domain.js:442:20)
    at Request.onRequestError (/usr/local/lib/node_modules/firebase-tools/node_modules/request/request.js:877:8)
    at ClientRequest.emit (events.js:182:13)
    at ClientRequest.EventEmitter.emit (domain.js:442:20)
    at ClientRequest.onError (/usr/local/lib/node_modules/firebase-tools/node_modules/tunnel-agent/index.js:179:21)
    at Object.onceWrapper (events.js:273:13)
